d:\git\2024_project\teskskir\teskskir\x64\debug\vc143.pdb
d:\git\2024_project\teskskir\teskskir\x64\debug\vc143.idb
d:\git\2024_project\teskskir\teskskir\x64\debug\te_block.obj
d:\git\2024_project\teskskir\teskskir\x64\debug\teskskir.obj
d:\git\2024_project\teskskir\teskskir\x64\debug\ss_block.obj
d:\git\2024_project\teskskir\teskskir\x64\debug\side_item.obj
d:\git\2024_project\teskskir\teskskir\x64\debug\rs_block.obj
d:\git\2024_project\teskskir\teskskir\x64\debug\resetgame.obj
d:\git\2024_project\teskskir\teskskir\x64\debug\mv_block.obj
d:\git\2024_project\teskskir\teskskir\x64\debug\jw_block.obj
d:\git\2024_project\teskskir\teskskir\x64\debug\gw_block.obj
d:\git\2024_project\teskskir\teskskir\x64\debug\main.obj
d:\git\2024_project\teskskir\teskskir\x64\debug\jump_item.obj
d:\git\2024_project\teskskir\teskskir\x64\debug\ee_block.obj
d:\git\2024_project\teskskir\teskskir\x64\debug\dart_block.obj
d:\git\2024_project\teskskir\teskskir\x64\debug\bb_block.obj
d:\git\2024_project\teskskir\x64\debug\teskskir.exe
d:\git\2024_project\teskskir\x64\debug\teskskir.pdb
d:\git\2024_project\teskskir\teskskir\x64\debug\bitmap.res
d:\git\2024_project\teskskir\teskskir\x64\debug\teskskir.res
d:\git\2024_project\teskskir\teskskir\x64\debug\teskskir.ilk
d:\git\2024_project\teskskir\teskskir\x64\debug\teskskir.tlog\cl.command.1.tlog
d:\git\2024_project\teskskir\teskskir\x64\debug\teskskir.tlog\cl.items.tlog
d:\git\2024_project\teskskir\teskskir\x64\debug\teskskir.tlog\cl.read.1.tlog
d:\git\2024_project\teskskir\teskskir\x64\debug\teskskir.tlog\cl.write.1.tlog
d:\git\2024_project\teskskir\teskskir\x64\debug\teskskir.tlog\link.command.1.tlog
d:\git\2024_project\teskskir\teskskir\x64\debug\teskskir.tlog\link.read.1.tlog
d:\git\2024_project\teskskir\teskskir\x64\debug\teskskir.tlog\link.secondary.1.tlog
d:\git\2024_project\teskskir\teskskir\x64\debug\teskskir.tlog\link.write.1.tlog
d:\git\2024_project\teskskir\teskskir\x64\debug\teskskir.tlog\rc.command.1.tlog
d:\git\2024_project\teskskir\teskskir\x64\debug\teskskir.tlog\rc.read.1.tlog
d:\git\2024_project\teskskir\teskskir\x64\debug\teskskir.tlog\rc.write.1.tlog
