  2024_Project.cpp
D:\git\2024_Project\2024_Project\2024_Project.cpp(224,25): warning C4244: '=': 'double'에서 'LONG'(으)로 변환하면서 데이터가 손실될 수 있습니다.
D:\git\2024_Project\2024_Project\2024_Project.cpp(225,24): warning C4244: '=': 'double'에서 'LONG'(으)로 변환하면서 데이터가 손실될 수 있습니다.
D:\git\2024_Project\2024_Project\2024_Project.cpp(230,25): warning C4244: '=': 'double'에서 'LONG'(으)로 변환하면서 데이터가 손실될 수 있습니다.
D:\git\2024_Project\2024_Project\2024_Project.cpp(231,24): warning C4244: '=': 'double'에서 'LONG'(으)로 변환하면서 데이터가 손실될 수 있습니다.
D:\git\2024_Project\2024_Project\2024_Project.cpp(236,25): warning C4244: '=': 'double'에서 'LONG'(으)로 변환하면서 데이터가 손실될 수 있습니다.
D:\git\2024_Project\2024_Project\2024_Project.cpp(237,24): warning C4244: '=': 'double'에서 'LONG'(으)로 변환하면서 데이터가 손실될 수 있습니다.
D:\git\2024_Project\2024_Project\2024_Project.cpp(242,25): warning C4244: '=': 'double'에서 'LONG'(으)로 변환하면서 데이터가 손실될 수 있습니다.
D:\git\2024_Project\2024_Project\2024_Project.cpp(243,24): warning C4244: '=': 'double'에서 'LONG'(으)로 변환하면서 데이터가 손실될 수 있습니다.
D:\git\2024_Project\2024_Project\2024_Project.cpp(248,25): warning C4244: '=': 'double'에서 'LONG'(으)로 변환하면서 데이터가 손실될 수 있습니다.
D:\git\2024_Project\2024_Project\2024_Project.cpp(249,24): warning C4244: '=': 'double'에서 'LONG'(으)로 변환하면서 데이터가 손실될 수 있습니다.
D:\git\2024_Project\2024_Project\2024_Project.cpp(254,25): warning C4244: '=': 'double'에서 'LONG'(으)로 변환하면서 데이터가 손실될 수 있습니다.
D:\git\2024_Project\2024_Project\2024_Project.cpp(255,24): warning C4244: '=': 'double'에서 'LONG'(으)로 변환하면서 데이터가 손실될 수 있습니다.
D:\git\2024_Project\2024_Project\2024_Project.cpp(260,25): warning C4244: '=': 'double'에서 'LONG'(으)로 변환하면서 데이터가 손실될 수 있습니다.
D:\git\2024_Project\2024_Project\2024_Project.cpp(261,24): warning C4244: '=': 'double'에서 'LONG'(으)로 변환하면서 데이터가 손실될 수 있습니다.
D:\git\2024_Project\2024_Project\2024_Project.cpp(266,25): warning C4244: '=': 'double'에서 'LONG'(으)로 변환하면서 데이터가 손실될 수 있습니다.
D:\git\2024_Project\2024_Project\2024_Project.cpp(267,24): warning C4244: '=': 'double'에서 'LONG'(으)로 변환하면서 데이터가 손실될 수 있습니다.
D:\git\2024_Project\2024_Project\2024_Project.cpp(391,40): warning C4244: '-=': 'double'에서 'LONG'(으)로 변환하면서 데이터가 손실될 수 있습니다.
D:\git\2024_Project\2024_Project\2024_Project.cpp(392,41): warning C4244: '-=': 'double'에서 'LONG'(으)로 변환하면서 데이터가 손실될 수 있습니다.
D:\git\2024_Project\2024_Project\2024_Project.cpp(401,30): warning C4244: '-=': 'double'에서 'LONG'(으)로 변환하면서 데이터가 손실될 수 있습니다.
D:\git\2024_Project\2024_Project\2024_Project.cpp(402,31): warning C4244: '-=': 'double'에서 'LONG'(으)로 변환하면서 데이터가 손실될 수 있습니다.
D:\git\2024_Project\2024_Project\2024_Project.cpp(413,26): warning C4244: '-=': 'double'에서 'LONG'(으)로 변환하면서 데이터가 손실될 수 있습니다.
D:\git\2024_Project\2024_Project\2024_Project.cpp(414,27): warning C4244: '-=': 'double'에서 'LONG'(으)로 변환하면서 데이터가 손실될 수 있습니다.
D:\git\2024_Project\2024_Project\2024_Project.cpp(427,41): warning C4244: '+=': 'double'에서 'LONG'(으)로 변환하면서 데이터가 손실될 수 있습니다.
D:\git\2024_Project\2024_Project\2024_Project.cpp(428,42): warning C4244: '+=': 'double'에서 'LONG'(으)로 변환하면서 데이터가 손실될 수 있습니다.
D:\git\2024_Project\2024_Project\2024_Project.cpp(437,30): warning C4244: '+=': 'double'에서 'LONG'(으)로 변환하면서 데이터가 손실될 수 있습니다.
D:\git\2024_Project\2024_Project\2024_Project.cpp(438,31): warning C4244: '+=': 'double'에서 'LONG'(으)로 변환하면서 데이터가 손실될 수 있습니다.
D:\git\2024_Project\2024_Project\2024_Project.cpp(449,26): warning C4244: '+=': 'double'에서 'LONG'(으)로 변환하면서 데이터가 손실될 수 있습니다.
D:\git\2024_Project\2024_Project\2024_Project.cpp(450,27): warning C4244: '+=': 'double'에서 'LONG'(으)로 변환하면서 데이터가 손실될 수 있습니다.
D:\git\2024_Project\2024_Project\2024_Project.cpp(500,39): warning C4244: '+=': 'double'에서 'LONG'(으)로 변환하면서 데이터가 손실될 수 있습니다.
D:\git\2024_Project\2024_Project\2024_Project.cpp(503,42): warning C4244: '+=': 'double'에서 'LONG'(으)로 변환하면서 데이터가 손실될 수 있습니다.
D:\git\2024_Project\2024_Project\2024_Project.cpp(565,25): warning C4244: '=': 'double'에서 'LONG'(으)로 변환하면서 데이터가 손실될 수 있습니다.
D:\git\2024_Project\2024_Project\2024_Project.cpp(566,24): warning C4244: '=': 'double'에서 'LONG'(으)로 변환하면서 데이터가 손실될 수 있습니다.
D:\git\2024_Project\2024_Project\2024_Project.cpp(575,25): warning C4244: '=': 'double'에서 'LONG'(으)로 변환하면서 데이터가 손실될 수 있습니다.
D:\git\2024_Project\2024_Project\2024_Project.cpp(576,24): warning C4244: '=': 'double'에서 'LONG'(으)로 변환하면서 데이터가 손실될 수 있습니다.
D:\git\2024_Project\2024_Project\2024_Project.cpp(585,25): warning C4244: '=': 'double'에서 'LONG'(으)로 변환하면서 데이터가 손실될 수 있습니다.
D:\git\2024_Project\2024_Project\2024_Project.cpp(586,24): warning C4244: '=': 'double'에서 'LONG'(으)로 변환하면서 데이터가 손실될 수 있습니다.
D:\git\2024_Project\2024_Project\2024_Project.cpp(595,25): warning C4244: '=': 'double'에서 'LONG'(으)로 변환하면서 데이터가 손실될 수 있습니다.
D:\git\2024_Project\2024_Project\2024_Project.cpp(596,24): warning C4244: '=': 'double'에서 'LONG'(으)로 변환하면서 데이터가 손실될 수 있습니다.
D:\git\2024_Project\2024_Project\2024_Project.cpp(604,25): warning C4244: '=': 'double'에서 'LONG'(으)로 변환하면서 데이터가 손실될 수 있습니다.
D:\git\2024_Project\2024_Project\2024_Project.cpp(605,24): warning C4244: '=': 'double'에서 'LONG'(으)로 변환하면서 데이터가 손실될 수 있습니다.
D:\git\2024_Project\2024_Project\2024_Project.cpp(613,25): warning C4244: '=': 'double'에서 'LONG'(으)로 변환하면서 데이터가 손실될 수 있습니다.
D:\git\2024_Project\2024_Project\2024_Project.cpp(614,24): warning C4244: '=': 'double'에서 'LONG'(으)로 변환하면서 데이터가 손실될 수 있습니다.
D:\git\2024_Project\2024_Project\2024_Project.cpp(622,25): warning C4244: '=': 'double'에서 'LONG'(으)로 변환하면서 데이터가 손실될 수 있습니다.
D:\git\2024_Project\2024_Project\2024_Project.cpp(623,24): warning C4244: '=': 'double'에서 'LONG'(으)로 변환하면서 데이터가 손실될 수 있습니다.
  2024_Project.vcxproj -> D:\git\2024_Project\x64\Debug\2024_Project.exe
